[TRACE] 2019-03-27 23:20:10.381 [main] JDBCDay1 - Assertion
[INFO ] 2019-03-27 23:20:10.386 [main] JDBCDay1 - Assertion
[ERROR] 2019-03-27 23:20:10.386 [main] JDBCDay1 - Assertion
[WARN ] 2019-03-27 23:20:10.386 [main] JDBCDay1 - Assertion
[FATAL] 2019-03-27 23:20:10.387 [main] JDBCDay1 - Assertion
[TRACE] 2019-03-27 23:20:41.084 [main] JDBCDay1 - Assertion
[INFO ] 2019-03-27 23:20:41.096 [main] JDBCDay1 - Assertion
[ERROR] 2019-03-27 23:20:41.097 [main] JDBCDay1 - Assertion
[WARN ] 2019-03-27 23:20:41.097 [main] JDBCDay1 - Assertion
[FATAL] 2019-03-27 23:20:41.097 [main] JDBCDay1 - Assertion
[TRACE] 2019-03-27 23:21:38.612 [main] JDBCDay1 - Assertion
[INFO ] 2019-03-27 23:21:38.617 [main] JDBCDay1 - Assertion
[ERROR] 2019-03-27 23:21:38.617 [main] JDBCDay1 - Assertion
[WARN ] 2019-03-27 23:21:38.618 [main] JDBCDay1 - Assertion
[FATAL] 2019-03-27 23:21:38.618 [main] JDBCDay1 - Assertion
[TRACE] 2019-03-27 23:22:34.399 [main] JDBCDay1 - Assertion
[INFO ] 2019-03-27 23:22:34.411 [main] JDBCDay1 - Assertion
[ERROR] 2019-03-27 23:22:34.411 [main] JDBCDay1 - Assertion
[WARN ] 2019-03-27 23:22:34.411 [main] JDBCDay1 - Assertion
[FATAL] 2019-03-27 23:22:34.411 [main] JDBCDay1 - Assertion
[TRACE] 2019-03-27 23:22:56.758 [main] JDBCDay1 - Assertion
[INFO ] 2019-03-27 23:22:56.765 [main] JDBCDay1 - Assertion
[ERROR] 2019-03-27 23:22:56.765 [main] JDBCDay1 - Assertion
[WARN ] 2019-03-27 23:22:56.766 [main] JDBCDay1 - Assertion
[FATAL] 2019-03-27 23:22:56.766 [main] JDBCDay1 - Assertion
